<?xml version="1.0" encoding="UTF-8"?>
<testsuite name="com.yogesh.callbreak.server.ApplicationWsTest" tests="3" skipped="0" failures="0" errors="0" timestamp="2026-08-30T13:22:16.989Z" hostname="Mac.lan" time="2.109">
  <properties/>
  <testcase name="joiningAnUnknownCode_returnsError" classname="com.yogesh.callbreak.server.ApplicationWsTest" time="1.975"/>
  <testcase name="createThenJoinByCode_assignsSeats_andStartDealsBothClients" classname="com.yogesh.callbreak.server.ApplicationWsTest" time="0.087"/>
  <testcase name="quickMatch_pairsTwoClientsIntoTheSameRoom" classname="com.yogesh.callbreak.server.ApplicationWsTest" time="0.037"/>
  <system-out><![CDATA[18:52:18.287 [DefaultDispatcher-worker-2 @call-context#6] INFO  io.ktor.test - No ktor.deployment.watch patterns specified, automatic reload is not active.
18:52:18.980 [DefaultDispatcher-worker-14 @call-context#35] INFO  io.ktor.test - No ktor.deployment.watch patterns specified, automatic reload is not active.
18:52:19.067 [DefaultDispatcher-worker-7 @call-context#85] INFO  io.ktor.test - No ktor.deployment.watch patterns specified, automatic reload is not active.
]]></system-out>
  <system-err><![CDATA[]]></system-err>
</testsuite>
