<?xml version="1.0" encoding="UTF-8"?>
<testsuite name="com.yogesh.callbreak.server.ApplicationWsTest" tests="3" skipped="0" failures="0" errors="0" timestamp="2026-08-15T21:12:45.927Z" hostname="Mac.lan" time="0.88">
  <properties/>
  <testcase name="joiningAnUnknownCode_returnsError" classname="com.yogesh.callbreak.server.ApplicationWsTest" time="0.829"/>
  <testcase name="createThenJoinByCode_assignsSeats_andStartDealsBothClients" classname="com.yogesh.callbreak.server.ApplicationWsTest" time="0.033"/>
  <testcase name="quickMatch_pairsTwoClientsIntoTheSameRoom" classname="com.yogesh.callbreak.server.ApplicationWsTest" time="0.015"/>
  <system-out><![CDATA[02:42:46.312 [DefaultDispatcher-worker-2 @call-context#6] INFO  io.ktor.test - No ktor.deployment.watch patterns specified, automatic reload is not active.
02:42:46.762 [DefaultDispatcher-worker-11 @call-context#35] INFO  io.ktor.test - No ktor.deployment.watch patterns specified, automatic reload is not active.
02:42:46.795 [DefaultDispatcher-worker-1 @call-context#85] INFO  io.ktor.test - No ktor.deployment.watch patterns specified, automatic reload is not active.
]]></system-out>
  <system-err><![CDATA[]]></system-err>
</testsuite>
