<?xml version="1.0" encoding="UTF-8"?>
<testsuite name="com.yogesh.callbreak.server.RoomTest" tests="5" skipped="0" failures="0" errors="0" timestamp="2026-08-30T13:22:19.103Z" hostname="Mac.lan" time="0.098">
  <properties/>
  <testcase name="singleHuman_fillsEmptySeatsWithBots_andPlaysToGameOver" classname="com.yogesh.callbreak.server.RoomTest" time="0.078"/>
  <testcase name="outOfTurnPlay_isRejected_withError" classname="com.yogesh.callbreak.server.RoomTest" time="0.006"/>
  <testcase name="disconnectedPlayerTurn_isTakenOverByBot_withoutSendingToClosedSocket" classname="com.yogesh.callbreak.server.RoomTest" time="0.003"/>
  <testcase name="chatAndThrows_areBroadcastToEveryPlayer_includingSender" classname="com.yogesh.callbreak.server.RoomTest" time="0.006"/>
  <testcase name="host_getsSouth_secondPlayer_getsWest" classname="com.yogesh.callbreak.server.RoomTest" time="0.003"/>
  <system-out><![CDATA[]]></system-out>
  <system-err><![CDATA[]]></system-err>
</testsuite>
